<?xml version="1.0" encoding="UTF-8"?>
<!-- Generated by org.testng.reporters.JUnitReportReporter -->
<testsuite skipped="0" hostname="Shuchi" name="test.RestAPIExamples" tests="4" failures="0" timestamp="2023-02-18T17:54:30 IST" time="13.994" errors="0">
  <testcase name="getRequest" time="4.789" classname="test.RestAPIExamples"/>
  <system-out/>
  <testcase name="postRequest" time="6.425" classname="test.RestAPIExamples"/>
  <system-out/>
  <testcase name="putRequest" time="1.427" classname="test.RestAPIExamples"/>
  <system-out/>
  <testcase name="deleteRequest" time="1.353" classname="test.RestAPIExamples"/>
  <system-out/>
</testsuite> <!-- test.RestAPIExamples -->
